<?xml version="1.0" encoding="UTF-8"?>
<!-- Generated by org.testng.reporters.JUnitReportReporter -->
<testsuite skipped="0" hostname="192-168-1-104.tpgi.com.au" name="automtionTest.AddToWishListTestCase" tests="1" failures="0" timestamp="2019-11-13T09:47:48 AEDT" time="17.715" errors="0">
  <testcase name="addToWishlist" time="17.715" classname="automtionTest.AddToWishListTestCase"/>
</testsuite> <!-- automtionTest.AddToWishListTestCase -->
