<?xml version="1.0" encoding="UTF-8"?>
<!-- Generated by org.testng.reporters.JUnitReportReporter -->
<testsuite skipped="0" hostname="192-168-1-104.tpgi.com.au" name="automtionTest.AddToWishList" tests="1" failures="0" timestamp="2019-11-12T20:21:46 AEDT" time="13.862" errors="0">
  <testcase name="addToWishlist" time="13.862" classname="automtionTest.AddToWishList"/>
</testsuite> <!-- automtionTest.AddToWishList -->
