<?xml version="1.0" encoding="UTF-8"?>
<!-- Generated by org.testng.reporters.JUnitReportReporter -->
<testsuite skipped="0" hostname="192-168-1-104.tpgi.com.au" name="automtionTest.AddToWishListTestCase" tests="1" failures="0" timestamp="2019-11-12T21:52:00 AEDT" time="16.744" errors="0">
  <testcase name="addToWishlist" time="16.744" classname="automtionTest.AddToWishListTestCase"/>
</testsuite> <!-- automtionTest.AddToWishListTestCase -->
